<?xml version="1.0" encoding="UTF-8"?>
<!-- Generated by org.testng.reporters.JUnitReportReporter -->
<testsuite failures="0" tests="2" name="basePage.signInValidations" time="22.263" errors="0" timestamp="2024-08-04T11:21:30 IST" skipped="0">
  <testcase classname="basePage.signInValidations" name="signInToApp" time="12.323"/>
  <testcase classname="basePage.signInValidations" name="launchApp" time="9.940"/>
</testsuite> <!-- basePage.signInValidations -->
