<?xml version="1.0" encoding="UTF-8"?>
<!-- Generated by org.testng.reporters.JUnitReportReporter -->
<testsuite hostname="BLR1-LHP-N71333" failures="0" tests="2" name="basePage.basePageOfApp" time="22.860" errors="0" timestamp="2024-08-02T12:16:53 IST" skipped="0">
  <testcase classname="basePage.basePageOfApp" name="signInToApp" time="13.351"/>
  <testcase classname="basePage.basePageOfApp" name="launchApp" time="9.509"/>
</testsuite> <!-- basePage.basePageOfApp -->
