<?xml version="1.0" encoding="UTF-8"?>
<!-- Generated by org.testng.reporters.JUnitReportReporter -->
<testsuite failures="0" tests="2" name="basePage.basePageOfApp" time="21.789" errors="0" timestamp="2024-08-03T11:08:49 IST" skipped="0">
  <testcase classname="basePage.basePageOfApp" name="signInToApp" time="12.185"/>
  <testcase classname="basePage.basePageOfApp" name="launchApp" time="9.604"/>
</testsuite> <!-- basePage.basePageOfApp -->
