<?xml version="1.0" encoding="UTF-8"?>
<!-- Generated by org.testng.reporters.JUnitReportReporter -->
<testsuite failures="0" tests="1" name="basePage.playback" time="5.011" errors="0" timestamp="2024-08-04T11:16:48 IST" skipped="0">
  <testcase classname="basePage.playback" name="playBack2" time="5.011"/>
</testsuite> <!-- basePage.playback -->
