<?xml version="1.0" encoding="UTF-8"?>
<!-- Generated by org.testng.reporters.JUnitReportReporter -->
<testsuite failures="0" tests="3" name="profilePickerScreen.profileActions" time="29.409" errors="0" timestamp="2024-08-05T09:59:38 IST" skipped="0">
  <testcase classname="profilePickerScreen.profileActions" name="signInToApp" time="13.021"/>
  <testcase classname="profilePickerScreen.profileActions" name="launchApp" time="10.630"/>
  <testcase classname="profilePickerScreen.profileActions" name="AddProfile" time="5.758"/>
</testsuite> <!-- profilePickerScreen.profileActions -->
