<?xml version="1.0" encoding="UTF-8"?>
<!-- Generated by org.testng.reporters.JUnitReportReporter -->
<testsuite failures="0" tests="3" name="profilePickerScreen.profileActions" time="22.331" errors="0" timestamp="2024-08-03T11:13:54 IST" skipped="0">
  <testcase classname="profilePickerScreen.profileActions" name="signInToApp" time="12.181"/>
  <testcase classname="profilePickerScreen.profileActions" name="launchApp" time="9.783"/>
  <testcase classname="profilePickerScreen.profileActions" name="AddProfile" time="0.367"/>
</testsuite> <!-- profilePickerScreen.profileActions -->
